Start testing: Apr 26 15:15 MSK
----------------------------------------------------------
1/1 Testing: check
1/1 Test: check
Command: "/home/yulia/yuliyavroma-spec/workspace/projects/lab05/_build/check"
Directory: /home/yulia/yuliyavroma-spec/workspace/projects/lab05/_build
"check" start time: Apr 26 15:15 MSK
Output:
----------------------------------------------------------
[==========] Running 1 test from 1 test suite.
[----------] Global test environment set-up.
[----------] 1 test from Print
[ RUN      ] Print.InFileStream
[       OK ] Print.InFileStream (0 ms)
[----------] 1 test from Print (0 ms total)

[----------] Global test environment tear-down
[==========] 1 test from 1 test suite ran. (1 ms total)
[  PASSED  ] 1 test.
<end of output>
Test time =   0.01 sec
----------------------------------------------------------
Test Passed.
"check" end time: Apr 26 15:15 MSK
"check" time elapsed: 00:00:00
----------------------------------------------------------

End testing: Apr 26 15:15 MSK
